#
# A fatal error has been detected by the Java Runtime Environment:
#
#  SIGBUS (0xa) at pc=0x000000010e5e23dc, pid=61863, tid=0x0000000000005203
#
# JRE version: Java(TM) SE Runtime Environment (8.0_191-b12) (build 1.8.0_191-b12)
# Java VM: Java HotSpot(TM) 64-Bit Server VM (25.191-b12 mixed mode bsd-amd64 compressed oops)
# Problematic frame:
# V  [libjvm.dylib+0x1e23dc]
#
# Failed to write core dump. Core dumps have been disabled. To enable core dumping, try "ulimit -c unlimited" before starting Java again
#
# If you would like to submit a bug report, please visit:
#   http://bugreport.java.com/bugreport/crash.jsp
#

---------------  T H R E A D  ---------------

Current thread (0x00007f93ee016800):  VMThread [stack: 0x0000700009f62000,0x000070000a062000] [id=20995]

siginfo: si_signo: 10 (SIGBUS), si_code: 2 (BUS_ADRERR), si_addr: 0x000000011945d700

Registers:
RAX=0x00000001192c95f0, RBX=0x000000011922ae60, RCX=0x0000000000194100, RDX=0x0000000000000000
RSP=0x000070000a061090, RBP=0x000070000a061090, RSI=0x000000000000ca08, RDI=0x000000011922ae60
R8 =0x00000000000001ba, R9 =0x00000000ca000000, R10=0x0000000000000014, R11=0xfffffffffbd2363c
R12=0x000070000a061548, R13=0x000000011922bf10, R14=0x0000000000000000, R15=0x000070000a0616f8
RIP=0x000000010e5e23dc, EFLAGS=0x0000000000010206, ERR=0x0000000000000004
  TRAPNO=0x000000000000000e

Top of Stack: (sp=0x000070000a061090)
0x000070000a061090:   000070000a0610b0 000000010e5e2402
0x000070000a0610a0:   00000000000001ad 00000000000001ba
0x000070000a0610b0:   000070000a061530 000000010e68886c
0x000070000a0610c0:   676e686a2f737265 000000010ec2a1c0
0x000070000a0610d0:   00000001195c8320 0000000000000002
0x000070000a0610e0:   3135362d0000000e 000070000a0610f8
0x000070000a0610f0:   00007f9300000000 4fffffff4fffffff
0x000070000a061100:   4fffffff4fffffff 4fffffff4fffffff
0x000070000a061110:   000000002fffffff 000000010000001c
0x000070000a061120:   ffffffff00000001 0000000400000002
0x000070000a061130:   0000000300000000 00007f93f0e0a330
0x000070000a061140:   00007f93f0e0aa60 000070000a46d360
0x000070000a061150:   0000000000000000 00000001195c4fb0
0x000070000a061160:   0000000000000000 000000010000001f
0x000070000a061170:   ffffffff00000001 0000000400000002
0x000070000a061180:   0000000000000000 00007f93f0e0a330
0x000070000a061190:   00007f93f0e0aab0 000070000a46d360
0x000070000a0611a0:   0000000000000000 00000001195c4fb0
0x000070000a0611b0:   0000000000000000 0000000100000020
0x000070000a0611c0:   ffffffff00000001 0000000400000002
0x000070000a0611d0:   0000000000000000 00007f93f0e0a330
0x000070000a0611e0:   00007f93f0e0ab00 000070000a46d360
0x000070000a0611f0:   0000000000000000 0000000a00000000
0x000070000a061200:   0000000000000000 0000000000000007
0x000070000a061210:   00007f93f0e0ab70 0000000000000000
0x000070000a061220:   0000000000000000 0000000000000000
0x000070000a061230:   0000000000000000 0000000000000000
0x000070000a061240:   0000000000000000 0000000000000000
0x000070000a061250:   0000000000000000 0000000000000000
0x000070000a061260:   0000000000000000 00000001195c4fb0
0x000070000a061270:   0000000000000000 0000000100000023
0x000070000a061280:   ffffffff00000001 0000000400000002 

Instructions: (pc=0x000000010e5e23dc)
0x000000010e5e23bc:   63 ce 48 c1 e1 05 ba ff ff 00 00 48 23 54 08 10
0x000000010e5e23cc:   8b 44 d7 50 c1 e8 10 5d c3 48 63 ce 48 c1 e1 05
0x000000010e5e23dc:   48 8b 4c 08 10 0f b7 f1 48 63 c6 8b 44 c7 50 eb
0x000000010e5e23ec:   e3 90 55 48 89 e5 53 48 83 ec 08 48 89 fb 48 89 

Register to memory mapping:

RAX=0x00000001192c95f0 is pointing into metadata
RBX=0x000000011922ae60 is pointing into metadata
RCX=0x0000000000194100 is an unknown value
RDX=0x0000000000000000 is an unknown value
RSP=0x000070000a061090 is an unknown value
RBP=0x000070000a061090 is an unknown value
RSI=0x000000000000ca08 is an unknown value
RDI=0x000000011922ae60 is pointing into metadata
R8 =0x00000000000001ba is an unknown value
R9 =0x00000000ca000000 is an unknown value
R10=0x0000000000000014 is an unknown value
R11=0xfffffffffbd2363c is an unknown value
R12=0x000070000a061548 is an unknown value
R13={method} {0x000000011922bf10} 'invalidEnrollTest2' '()V' in 'edu/ncsu/csc216/pack_scheduler/course/roll/CourseRollTest'
R14=0x0000000000000000 is an unknown value
R15=0x000070000a0616f8 is an unknown value


Stack: [0x0000700009f62000,0x000070000a062000],  sp=0x000070000a061090,  free space=1020k
Native frames: (J=compiled Java code, j=interpreted, Vv=VM code, C=native code)
V  [libjvm.dylib+0x1e23dc]
V  [libjvm.dylib+0x1e2402]
V  [libjvm.dylib+0x28886c]
V  [libjvm.dylib+0x28a577]
V  [libjvm.dylib+0x28a77f]
V  [libjvm.dylib+0x28ad16]
V  [libjvm.dylib+0x28b12f]
V  [libjvm.dylib+0x48506d]
V  [libjvm.dylib+0x485276]
V  [libjvm.dylib+0x485457]
V  [libjvm.dylib+0x48570e]
V  [libjvm.dylib+0x2c2848]
V  [libjvm.dylib+0x452da9]
V  [libjvm.dylib+0x39ad03]
V  [libjvm.dylib+0x5bd259]
V  [libjvm.dylib+0x5bb7f1]
V  [libjvm.dylib+0x5bbc3e]
V  [libjvm.dylib+0x5bb55d]
V  [libjvm.dylib+0x48e0be]
C  [libsystem_pthread.dylib+0x32eb]  _pthread_body+0x7e
C  [libsystem_pthread.dylib+0x6249]  _pthread_start+0x42
C  [libsystem_pthread.dylib+0x240d]  thread_start+0xd

VM_Operation (0x000070000a46d978): GetOrSetLocal, mode: safepoint, requested by thread 0x00007f93ee026000


---------------  P R O C E S S  ---------------

Java Threads: ( => current thread )
  0x00007f93ee907800 JavaThread "ReaderThread" [_thread_in_native, id=16643, stack(0x000070000ab86000,0x000070000ac86000)]
  0x00007f93ee05a800 JavaThread "Service Thread" daemon [_thread_blocked, id=17667, stack(0x000070000a980000,0x000070000aa80000)]
  0x00007f93ed004000 JavaThread "C1 CompilerThread2" daemon [_thread_blocked, id=18179, stack(0x000070000a87d000,0x000070000a97d000)]
  0x00007f93ee021000 JavaThread "C2 CompilerThread1" daemon [_thread_blocked, id=18435, stack(0x000070000a77a000,0x000070000a87a000)]
  0x00007f93ee88a800 JavaThread "C2 CompilerThread0" daemon [_thread_blocked, id=18947, stack(0x000070000a677000,0x000070000a777000)]
  0x00007f93ee83a800 JavaThread "JDWP Command Reader" daemon [_thread_in_native, id=15363, stack(0x000070000a574000,0x000070000a674000)]
  0x00007f93ed81b800 JavaThread "JDWP Event Helper Thread" daemon [_thread_blocked, id=14851, stack(0x000070000a471000,0x000070000a571000)]
  0x00007f93ee026000 JavaThread "JDWP Transport Listener: dt_socket" daemon [_thread_blocked, id=19463, stack(0x000070000a36e000,0x000070000a46e000)]
  0x00007f93ed006800 JavaThread "Signal Dispatcher" daemon [_thread_blocked, id=14339, stack(0x000070000a26b000,0x000070000a36b000)]
  0x00007f93ee01e800 JavaThread "Finalizer" daemon [_thread_blocked, id=20483, stack(0x000070000a168000,0x000070000a268000)]
  0x00007f93ed810000 JavaThread "Reference Handler" daemon [_thread_blocked, id=11779, stack(0x000070000a065000,0x000070000a165000)]
  0x00007f93ed803800 JavaThread "main" [_thread_blocked, id=10243, stack(0x0000700009a53000,0x0000700009b53000)]

Other Threads:
=>0x00007f93ee016800 VMThread [stack: 0x0000700009f62000,0x000070000a062000] [id=20995]
  0x00007f93ed002800 WatcherThread [stack: 0x000070000aa83000,0x000070000ab83000] [id=17155]

VM state:at safepoint (normal execution)

VM Mutex/Monitor currently owned by a thread:  ([mutex/lock_event])
[0x00007f93ece048e0] Threads_lock - owner thread: 0x00007f93ee016800

Heap:
 PSYoungGen      total 76288K, used 18444K [0x000000076ab00000, 0x0000000770000000, 0x00000007c0000000)
  eden space 65536K, 28% used [0x000000076ab00000,0x000000076bd03020,0x000000076eb00000)
  from space 10752K, 0% used [0x000000076f580000,0x000000076f580000,0x0000000770000000)
  to   space 10752K, 0% used [0x000000076eb00000,0x000000076eb00000,0x000000076f580000)
 ParOldGen       total 175104K, used 0K [0x00000006c0000000, 0x00000006cab00000, 0x000000076ab00000)
  object space 175104K, 0% used [0x00000006c0000000,0x00000006c0000000,0x00000006cab00000)
 Metaspace       used 6566K, capacity 6680K, committed 6912K, reserved 1056768K
  class space    used 710K, capacity 754K, committed 768K, reserved 1048576K

Card table byte_map: [0x000000010f81d000,0x000000011001e000] byte_map_base: 0x000000010c21d000

Marking Bits: (ParMarkBitMap*) 0x000000010ecf9e00
 Begin Bits: [0x0000000110574000, 0x0000000114574000)
 End Bits:   [0x0000000114574000, 0x0000000118574000)

Polling page: 0x000000010dbb1000

CodeCache: size=245760Kb used=3035Kb max_used=3035Kb free=242724Kb
 bounds [0x0000000119d7e000, 0x000000011a09e000, 0x0000000128d7e000]
 total_blobs=750 nmethods=449 adapters=223
 compilation: enabled

Compilation events (10 events):
Event: 121.375 Thread 0x00007f93ed004000  445       1       edu.ncsu.csc216.pack_scheduler.util.LinkedAbstractList$ListNode::access$1 (5 bytes)
Event: 121.375 Thread 0x00007f93ed004000 nmethod 445 0x000000011a00c990 code [0x000000011a00cae0, 0x000000011a00cbd0]
Event: 204.099 Thread 0x00007f93ed004000  446       3       org.eclipse.jdt.launching.internal.org.objectweb.asm.MethodWriter::visitFrame (787 bytes)
Event: 204.099 Thread 0x00007f93ee88a800  448       4       org.eclipse.jdt.launching.internal.org.objectweb.asm.ClassReader::createDebugLabel (23 bytes)
Event: 204.105 Thread 0x00007f93ee88a800 nmethod 448 0x000000011a00d650 code [0x000000011a00d7a0, 0x000000011a00d918]
Event: 204.105 Thread 0x00007f93ed004000 nmethod 446 0x000000011a027cd0 code [0x000000011a028180, 0x000000011a02a3c8]
Event: 204.105 Thread 0x00007f93ed004000  447       3       org.eclipse.jdt.launching.internal.org.objectweb.asm.ClassReader::readCode (5089 bytes)
Event: 204.153 Thread 0x00007f93ed004000 nmethod 447 0x000000011a05f650 code [0x000000011a060a80, 0x000000011a071ee8]
Event: 378.279 Thread 0x00007f93ed004000  449       3       org.eclipse.jdt.launching.internal.org.objectweb.asm.ClassReader::readStackMapFrame (535 bytes)
Event: 378.281 Thread 0x00007f93ed004000 nmethod 449 0x000000011a025950 code [0x000000011a025be0, 0x000000011a026e38]

GC Heap History (0 events):
No events

Deoptimization events (2 events):
Event: 1.015 Thread 0x00007f93ed803800 Uncommon trap: reason=unstable_if action=reinterpret pc=0x0000000119ee514c method=java.lang.String.indexOf([CII[CIII)I @ 3
Event: 204.098 Thread 0x00007f93ee026000 Uncommon trap: reason=unstable_if action=reinterpret pc=0x000000011a0359dc method=org.eclipse.jdt.launching.internal.org.objectweb.asm.ClassReader.readCode(Lorg/eclipse/jdt/launching/internal/org/objectweb/asm/MethodVisitor;Lorg/eclipse/jdt/launching/inte

Classes redefined (3 events):
Event: 174.956 Thread 0x00007f93ee016800 redefined class name=edu.ncsu.csc216.pack_scheduler.course.roll.CourseRoll, count=1
Event: 204.103 Thread 0x00007f93ee016800 redefined class name=edu.ncsu.csc216.pack_scheduler.course.roll.CourseRollTest, count=1
Event: 378.285 Thread 0x00007f93ee016800 redefined class name=edu.ncsu.csc216.pack_scheduler.course.roll.CourseRollTest, count=2

Internal exceptions (2 events):
Event: 0.082 Thread 0x00007f93ed803800 Exception <a 'java/lang/NoSuchMethodError': Method sun.misc.Unsafe.defineClass(Ljava/lang/String;[BII)Ljava/lang/Class; name or signature does not match> (0x000000076ab07cb0) thrown at [/Users/java_re/workspace/8-2-build-macosx-x86_64/jdk8u191/11896/hotsp
Event: 0.082 Thread 0x00007f93ed803800 Exception <a 'java/lang/NoSuchMethodError': Method sun.misc.Unsafe.prefetchRead(Ljava/lang/Object;J)V name or signature does not match> (0x000000076ab07f98) thrown at [/Users/java_re/workspace/8-2-build-macosx-x86_64/jdk8u191/11896/hotspot/src/share/vm/pr

Events (10 events):
Event: 354.777 Executing VM operation: GetOwnedMonitorInfo done
Event: 378.281 Executing VM operation: RedefineClasses
Event: 378.285 Executing VM operation: RedefineClasses done
Event: 378.292 Executing VM operation: ChangeBreakpoints
Event: 378.292 Executing VM operation: ChangeBreakpoints done
Event: 379.682 Executing VM operation: GetOwnedMonitorInfo
Event: 379.682 Executing VM operation: GetOwnedMonitorInfo done
Event: 379.682 Executing VM operation: GetCurrentContendedMonitor
Event: 379.682 Executing VM operation: GetCurrentContendedMonitor done
Event: 379.687 Executing VM operation: GetOrSetLocal


Dynamic libraries:
0x00007fff3d436000 	/System/Library/Frameworks/Cocoa.framework/Versions/A/Cocoa
0x00007fff4914e000 	/System/Library/Frameworks/Security.framework/Versions/A/Security
0x00007fff3c0cb000 	/System/Library/Frameworks/ApplicationServices.framework/Versions/A/ApplicationServices
0x00007fff69210000 	/usr/lib/libz.1.dylib
0x00007fff66b6a000 	/usr/lib/libSystem.B.dylib
0x00007fff683a1000 	/usr/lib/libobjc.A.dylib
0x00007fff3dc1e000 	/System/Library/Frameworks/CoreFoundation.framework/Versions/A/CoreFoundation
0x00007fff3fea0000 	/System/Library/Frameworks/Foundation.framework/Versions/C/Foundation
0x00007fff3b2c4000 	/System/Library/Frameworks/AppKit.framework/Versions/C/AppKit
0x00007fff3d7b1000 	/System/Library/Frameworks/CoreData.framework/Versions/A/CoreData
0x00007fff6063d000 	/System/Library/PrivateFrameworks/RemoteViewServices.framework/Versions/A/RemoteViewServices
0x00007fff648aa000 	/System/Library/PrivateFrameworks/UIFoundation.framework/Versions/A/UIFoundation
0x00007fff65f8c000 	/System/Library/PrivateFrameworks/XCTTargetBootstrap.framework/Versions/A/XCTTargetBootstrap
0x00007fff3db36000 	/System/Library/Frameworks/CoreDisplay.framework/Versions/A/CoreDisplay
0x00007fff5b394000 	/System/Library/PrivateFrameworks/IconServices.framework/Versions/A/IconServices
0x00007fff427c4000 	/System/Library/Frameworks/Metal.framework/Versions/A/Metal
0x00007fff5290f000 	/System/Library/PrivateFrameworks/DesktopServicesPriv.framework/Versions/A/DesktopServicesPriv
0x00007fff67704000 	/usr/lib/libenergytrace.dylib
0x00007fff62d93000 	/System/Library/PrivateFrameworks/SkyLight.framework/Versions/A/SkyLight
0x00007fff3e064000 	/System/Library/Frameworks/CoreGraphics.framework/Versions/A/CoreGraphics
0x00007fff3a090000 	/System/Library/Frameworks/Accelerate.framework/Versions/A/Accelerate
0x00007fff405e8000 	/System/Library/Frameworks/IOSurface.framework/Versions/A/IOSurface
0x00007fff5277b000 	/System/Library/PrivateFrameworks/DFRFoundation.framework/Versions/A/DFRFoundation
0x00007fff3c5ae000 	/System/Library/Frameworks/AudioToolbox.framework/Versions/A/AudioToolbox
0x00007fff3c827000 	/System/Library/Frameworks/AudioUnit.framework/Versions/A/AudioUnit
0x00007fff52810000 	/System/Library/PrivateFrameworks/DataDetectorsCore.framework/Versions/A/DataDetectorsCore
0x00007fff3cf3a000 	/System/Library/Frameworks/Carbon.framework/Versions/A/Frameworks/HIToolbox.framework/Versions/A/HIToolbox
0x00007fff6785d000 	/usr/lib/libicucore.A.dylib
0x00007fff486c3000 	/System/Library/Frameworks/QuartzCore.framework/Versions/A/QuartzCore
0x00007fff3d30e000 	/System/Library/Frameworks/Carbon.framework/Versions/A/Frameworks/SpeechRecognition.framework/Versions/A/SpeechRecognition
0x00007fff66cbe000 	/usr/lib/libauto.dylib
0x00007fff69104000 	/usr/lib/libxml2.2.dylib
0x00007fff52358000 	/System/Library/PrivateFrameworks/CoreUI.framework/Versions/A/CoreUI
0x00007fff3d69c000 	/System/Library/Frameworks/CoreAudio.framework/Versions/A/CoreAudio
0x00007fff3fcd5000 	/System/Library/Frameworks/DiskArbitration.framework/Versions/A/DiskArbitration
0x00007fff67b0b000 	/usr/lib/liblangid.dylib
0x00007fff5c7a2000 	/System/Library/PrivateFrameworks/MultitouchSupport.framework/Versions/A/MultitouchSupport
0x00007fff40557000 	/System/Library/Frameworks/IOKit.framework/Versions/A/IOKit
0x00007fff6672b000 	/usr/lib/libDiagnosticMessagesClient.dylib
0x00007fff3ee73000 	/System/Library/Frameworks/CoreServices.framework/Versions/A/CoreServices
0x00007fff5e449000 	/System/Library/PrivateFrameworks/PerformanceAnalysis.framework/Versions/A/PerformanceAnalysis
0x00007fff478b1000 	/System/Library/Frameworks/OpenGL.framework/Versions/A/OpenGL
0x00007fff3d444000 	/System/Library/Frameworks/ColorSync.framework/Versions/A/ColorSync
0x00007fff3e6f5000 	/System/Library/Frameworks/CoreImage.framework/Versions/A/CoreImage
0x00007fff3f84c000 	/System/Library/Frameworks/CoreText.framework/Versions/A/CoreText
0x00007fff4064b000 	/System/Library/Frameworks/ImageIO.framework/Versions/A/ImageIO
0x00007fff4e9ad000 	/System/Library/PrivateFrameworks/Backup.framework/Versions/A/Backup
0x00007fff66c11000 	/usr/lib/libarchive.2.dylib
0x00007fff3cb7f000 	/System/Library/Frameworks/CFNetwork.framework/Versions/A/CFNetwork
0x00007fff498a8000 	/System/Library/Frameworks/SystemConfiguration.framework/Versions/A/SystemConfiguration
0x00007fff6665c000 	/usr/lib/libCRFSuite.dylib
0x00007fff66dad000 	/usr/lib/libc++.1.dylib
0x00007fff66e01000 	/usr/lib/libc++abi.dylib
0x00007fff69a06000 	/usr/lib/system/libcache.dylib
0x00007fff69a0b000 	/usr/lib/system/libcommonCrypto.dylib
0x00007fff69a16000 	/usr/lib/system/libcompiler_rt.dylib
0x00007fff69a1e000 	/usr/lib/system/libcopyfile.dylib
0x00007fff69a28000 	/usr/lib/system/libcorecrypto.dylib
0x00007fff69b33000 	/usr/lib/system/libdispatch.dylib
0x00007fff69b6d000 	/usr/lib/system/libdyld.dylib
0x00007fff69b9a000 	/usr/lib/system/libkeymgr.dylib
0x00007fff69ba8000 	/usr/lib/system/liblaunch.dylib
0x00007fff69ba9000 	/usr/lib/system/libmacho.dylib
0x00007fff69baf000 	/usr/lib/system/libquarantine.dylib
0x00007fff69bb2000 	/usr/lib/system/libremovefile.dylib
0x00007fff69bb4000 	/usr/lib/system/libsystem_asl.dylib
0x00007fff69bcc000 	/usr/lib/system/libsystem_blocks.dylib
0x00007fff69bcd000 	/usr/lib/system/libsystem_c.dylib
0x00007fff69c55000 	/usr/lib/system/libsystem_configuration.dylib
0x00007fff69c59000 	/usr/lib/system/libsystem_coreservices.dylib
0x00007fff69c5d000 	/usr/lib/system/libsystem_darwin.dylib
0x00007fff69c64000 	/usr/lib/system/libsystem_dnssd.dylib
0x00007fff69c6b000 	/usr/lib/system/libsystem_info.dylib
0x00007fff69ce0000 	/usr/lib/system/libsystem_m.dylib
0x00007fff69d2c000 	/usr/lib/system/libsystem_malloc.dylib
0x00007fff69d57000 	/usr/lib/system/libsystem_networkextension.dylib
0x00007fff69d62000 	/usr/lib/system/libsystem_notify.dylib
0x00007fff69d7f000 	/usr/lib/system/libsystem_sandbox.dylib
0x00007fff69d83000 	/usr/lib/system/libsystem_secinit.dylib
0x00007fff69cb7000 	/usr/lib/system/libsystem_kernel.dylib
0x00007fff69d6a000 	/usr/lib/system/libsystem_platform.dylib
0x00007fff69d74000 	/usr/lib/system/libsystem_pthread.dylib
0x00007fff69d86000 	/usr/lib/system/libsystem_symptoms.dylib
0x00007fff69d8e000 	/usr/lib/system/libsystem_trace.dylib
0x00007fff69da5000 	/usr/lib/system/libunwind.dylib
0x00007fff69dab000 	/usr/lib/system/libxpc.dylib
0x00007fff66d8e000 	/usr/lib/libbsm.0.dylib
0x00007fff69b9b000 	/usr/lib/system/libkxld.dylib
0x00007fff4dd9e000 	/System/Library/PrivateFrameworks/AppleFSCompression.framework/Versions/A/AppleFSCompression
0x00007fff66a2a000 	/usr/lib/libOpenScriptingUtil.dylib
0x00007fff670b6000 	/usr/lib/libcoretls.dylib
0x00007fff670cd000 	/usr/lib/libcoretls_cfhelpers.dylib
0x00007fff68b38000 	/usr/lib/libpam.2.dylib
0x00007fff68cf8000 	/usr/lib/libsqlite3.dylib
0x00007fff690f2000 	/usr/lib/libxar.1.dylib
0x00007fff66d9f000 	/usr/lib/libbz2.1.0.dylib
0x00007fff67b0d000 	/usr/lib/liblzma.5.dylib
0x00007fff67fbe000 	/usr/lib/libnetwork.dylib
0x00007fff66bfa000 	/usr/lib/libapple_nghttp2.dylib
0x00007fff68b3f000 	/usr/lib/libpcap.A.dylib
0x00007fff3f212000 	/System/Library/Frameworks/CoreServices.framework/Versions/A/Frameworks/FSEvents.framework/Versions/A/FSEvents
0x00007fff3eef1000 	/System/Library/Frameworks/CoreServices.framework/Versions/A/Frameworks/CarbonCore.framework/Versions/A/CarbonCore
0x00007fff3f3ce000 	/System/Library/Frameworks/CoreServices.framework/Versions/A/Frameworks/Metadata.framework/Versions/A/Metadata
0x00007fff3f46d000 	/System/Library/Frameworks/CoreServices.framework/Versions/A/Frameworks/OSServices.framework/Versions/A/OSServices
0x00007fff3f4b8000 	/System/Library/Frameworks/CoreServices.framework/Versions/A/Frameworks/SearchKit.framework/Versions/A/SearchKit
0x00007fff3ee74000 	/System/Library/Frameworks/CoreServices.framework/Versions/A/Frameworks/AE.framework/Versions/A/AE
0x00007fff3f21b000 	/System/Library/Frameworks/CoreServices.framework/Versions/A/Frameworks/LaunchServices.framework/Versions/A/LaunchServices
0x00007fff3f1c9000 	/System/Library/Frameworks/CoreServices.framework/Versions/A/Frameworks/DictionaryServices.framework/Versions/A/DictionaryServices
0x00007fff3f520000 	/System/Library/Frameworks/CoreServices.framework/Versions/A/Frameworks/SharedFileList.framework/Versions/A/SharedFileList
0x00007fff4388c000 	/System/Library/Frameworks/NetFS.framework/Versions/A/NetFS
0x00007fff5ca08000 	/System/Library/PrivateFrameworks/NetAuth.framework/Versions/A/NetAuth
0x00007fff66390000 	/System/Library/PrivateFrameworks/login.framework/Versions/A/Frameworks/loginsupport.framework/Versions/A/loginsupport
0x00007fff644b3000 	/System/Library/PrivateFrameworks/TCC.framework/Versions/A/TCC
0x00007fff519b5000 	/System/Library/PrivateFrameworks/CoreNLP.framework/Versions/A/CoreNLP
0x00007fff5c49b000 	/System/Library/PrivateFrameworks/MetadataUtilities.framework/Versions/A/MetadataUtilities
0x00007fff67be2000 	/usr/lib/libmecabra.dylib
0x00007fff3c0cc000 	/System/Library/Frameworks/ApplicationServices.framework/Versions/A/Frameworks/ATS.framework/Versions/A/ATS
0x00007fff3c41b000 	/System/Library/Frameworks/ApplicationServices.framework/Versions/A/Frameworks/ColorSyncLegacy.framework/Versions/A/ColorSyncLegacy
0x00007fff3c4ba000 	/System/Library/Frameworks/ApplicationServices.framework/Versions/A/Frameworks/HIServices.framework/Versions/A/HIServices
0x00007fff3c50d000 	/System/Library/Frameworks/ApplicationServices.framework/Versions/A/Frameworks/LangAnalysis.framework/Versions/A/LangAnalysis
0x00007fff3c51d000 	/System/Library/Frameworks/ApplicationServices.framework/Versions/A/Frameworks/PrintCore.framework/Versions/A/PrintCore
0x00007fff3c567000 	/System/Library/Frameworks/ApplicationServices.framework/Versions/A/Frameworks/QD.framework/Versions/A/QD
0x00007fff3c5a1000 	/System/Library/Frameworks/ApplicationServices.framework/Versions/A/Frameworks/SpeechSynthesis.framework/Versions/A/SpeechSynthesis
0x00007fff66e29000 	/usr/lib/libcompression.dylib
0x00007fff42a94000 	/System/Library/Frameworks/MetalPerformanceShaders.framework/Versions/A/MetalPerformanceShaders
0x00007fff3a0a8000 	/System/Library/Frameworks/Accelerate.framework/Versions/A/Frameworks/vImage.framework/Versions/A/vImage
0x00007fff3b122000 	/System/Library/Frameworks/Accelerate.framework/Versions/A/Frameworks/vecLib.framework/Versions/A/vecLib
0x00007fff3b06e000 	/System/Library/Frameworks/Accelerate.framework/Versions/A/Frameworks/vecLib.framework/Versions/A/libvMisc.dylib
0x00007fff3ae86000 	/System/Library/Frameworks/Accelerate.framework/Versions/A/Frameworks/vecLib.framework/Versions/A/libvDSP.dylib
0x00007fff3a742000 	/System/Library/Frameworks/Accelerate.framework/Versions/A/Frameworks/vecLib.framework/Versions/A/libBLAS.dylib
0x00007fff3aa2f000 	/System/Library/Frameworks/Accelerate.framework/Versions/A/Frameworks/vecLib.framework/Versions/A/libLAPACK.dylib
0x00007fff3add9000 	/System/Library/Frameworks/Accelerate.framework/Versions/A/Frameworks/vecLib.framework/Versions/A/libLinearAlgebra.dylib
0x00007fff3ae72000 	/System/Library/Frameworks/Accelerate.framework/Versions/A/Frameworks/vecLib.framework/Versions/A/libSparseBLAS.dylib
0x00007fff3adef000 	/System/Library/Frameworks/Accelerate.framework/Versions/A/Frameworks/vecLib.framework/Versions/A/libQuadrature.dylib
0x00007fff3a9bc000 	/System/Library/Frameworks/Accelerate.framework/Versions/A/Frameworks/vecLib.framework/Versions/A/libBNNS.dylib
0x00007fff3adf5000 	/System/Library/Frameworks/Accelerate.framework/Versions/A/Frameworks/vecLib.framework/Versions/A/libSparse.dylib
0x00007fff58cf7000 	/System/Library/PrivateFrameworks/GPUWrangler.framework/Versions/A/GPUWrangler
0x00007fff5afc9000 	/System/Library/PrivateFrameworks/IOAccelerator.framework/Versions/A/IOAccelerator
0x00007fff5afd4000 	/System/Library/PrivateFrameworks/IOPresentment.framework/Versions/A/IOPresentment
0x00007fff5278b000 	/System/Library/PrivateFrameworks/DSExternalDisplay.framework/Versions/A/DSExternalDisplay
0x00007fff46d08000 	/System/Library/Frameworks/OpenGL.framework/Versions/A/Libraries/libCoreFSCache.dylib
0x00007fff42888000 	/System/Library/Frameworks/MetalPerformanceShaders.framework/Frameworks/MPSCore.framework/Versions/A/MPSCore
0x00007fff428a8000 	/System/Library/Frameworks/MetalPerformanceShaders.framework/Frameworks/MPSImage.framework/Versions/A/MPSImage
0x00007fff4294d000 	/System/Library/Frameworks/MetalPerformanceShaders.framework/Frameworks/MPSNeuralNetwork.framework/Versions/A/MPSNeuralNetwork
0x00007fff42925000 	/System/Library/Frameworks/MetalPerformanceShaders.framework/Frameworks/MPSMatrix.framework/Versions/A/MPSMatrix
0x00007fff42a79000 	/System/Library/Frameworks/MetalPerformanceShaders.framework/Frameworks/MPSRayIntersector.framework/Versions/A/MPSRayIntersector
0x00007fff5c4c4000 	/System/Library/PrivateFrameworks/MetalTools.framework/Versions/A/MetalTools
0x00007fff4d64b000 	/System/Library/PrivateFrameworks/AggregateDictionary.framework/Versions/A/AggregateDictionary
0x00007fff66a0b000 	/usr/lib/libMobileGestalt.dylib
0x00007fff3f9af000 	/System/Library/Frameworks/CoreVideo.framework/Versions/A/CoreVideo
0x00007fff59b07000 	/System/Library/PrivateFrameworks/GraphVisualizer.framework/Versions/A/GraphVisualizer
0x00007fff53987000 	/System/Library/PrivateFrameworks/FaceCore.framework/Versions/A/FaceCore
0x00007fff46336000 	/System/Library/Frameworks/OpenCL.framework/Versions/A/OpenCL
0x00007fff66763000 	/usr/lib/libFosl_dynamic.dylib
0x00007fff5d273000 	/System/Library/PrivateFrameworks/OTSVG.framework/Versions/A/OTSVG
0x00007fff3c1d0000 	/System/Library/Frameworks/ApplicationServices.framework/Versions/A/Frameworks/ATS.framework/Versions/A/Resources/libFontParser.dylib
0x00007fff3c2e8000 	/System/Library/Frameworks/ApplicationServices.framework/Versions/A/Frameworks/ATS.framework/Versions/A/Resources/libFontRegistry.dylib
0x00007fff408b9000 	/System/Library/Frameworks/ImageIO.framework/Versions/A/Resources/libJPEG.dylib
0x00007fff40bcb000 	/System/Library/Frameworks/ImageIO.framework/Versions/A/Resources/libTIFF.dylib
0x00007fff40ba1000 	/System/Library/Frameworks/ImageIO.framework/Versions/A/Resources/libPng.dylib
0x00007fff407d7000 	/System/Library/Frameworks/ImageIO.framework/Versions/A/Resources/libGIF.dylib
0x00007fff407dc000 	/System/Library/Frameworks/ImageIO.framework/Versions/A/Resources/libJP2.dylib
0x00007fff40bc8000 	/System/Library/Frameworks/ImageIO.framework/Versions/A/Resources/libRadiance.dylib
0x00007fff4def5000 	/System/Library/PrivateFrameworks/AppleJPEG.framework/Versions/A/AppleJPEG
0x00007fff46d13000 	/System/Library/Frameworks/OpenGL.framework/Versions/A/Libraries/libGFXShared.dylib
0x00007fff46ed6000 	/System/Library/Frameworks/OpenGL.framework/Versions/A/Libraries/libGLU.dylib
0x00007fff46d1c000 	/System/Library/Frameworks/OpenGL.framework/Versions/A/Libraries/libGL.dylib
0x00007fff46d28000 	/System/Library/Frameworks/OpenGL.framework/Versions/A/Libraries/libGLImage.dylib
0x00007fff46d05000 	/System/Library/Frameworks/OpenGL.framework/Versions/A/Libraries/libCVMSPluginSupport.dylib
0x00007fff46d0e000 	/System/Library/Frameworks/OpenGL.framework/Versions/A/Libraries/libCoreVMClient.dylib
0x00007fff6757a000 	/usr/lib/libcups.2.dylib
0x00007fff41d8f000 	/System/Library/Frameworks/Kerberos.framework/Versions/A/Kerberos
0x00007fff402bc000 	/System/Library/Frameworks/GSS.framework/Versions/A/GSS
0x00007fff68c8d000 	/usr/lib/libresolv.9.dylib
0x00007fff6776c000 	/usr/lib/libiconv.2.dylib
0x00007fff59c66000 	/System/Library/PrivateFrameworks/Heimdal.framework/Versions/A/Heimdal
0x00007fff6773c000 	/usr/lib/libheimdal-asn1.dylib
0x00007fff463aa000 	/System/Library/Frameworks/OpenDirectory.framework/Versions/A/OpenDirectory
0x00007fff5071a000 	/System/Library/PrivateFrameworks/CommonAuth.framework/Versions/A/CommonAuth
0x00007fff4638e000 	/System/Library/Frameworks/OpenDirectory.framework/Versions/A/Frameworks/CFOpenDirectory.framework/Versions/A/CFOpenDirectory
0x00007fff4944e000 	/System/Library/Frameworks/SecurityFoundation.framework/Versions/A/SecurityFoundation
0x00007fff4cb94000 	/System/Library/PrivateFrameworks/APFS.framework/Versions/A/APFS
0x00007fff690ee000 	/usr/lib/libutil.dylib
0x00007fff66e17000 	/usr/lib/libcharset.1.dylib
0x00007fff4e192000 	/System/Library/PrivateFrameworks/AppleSauce.framework/Versions/A/AppleSauce
0x00007fff4e313000 	/System/Library/PrivateFrameworks/AssertionServices.framework/Versions/A/AssertionServices
0x00007fff4ea43000 	/System/Library/PrivateFrameworks/BaseBoard.framework/Versions/A/BaseBoard
0x00007fff67b3d000 	/usr/lib/libmecab.1.0.0.dylib
0x00007fff67736000 	/usr/lib/libgermantok.dylib
0x00007fff66be7000 	/usr/lib/libThaiTokenizer.dylib
0x00007fff66693000 	/usr/lib/libChineseTokenizer.dylib
0x00007fff5b682000 	/System/Library/PrivateFrameworks/LanguageModeling.framework/Versions/A/LanguageModeling
0x00007fff513fb000 	/System/Library/PrivateFrameworks/CoreEmoji.framework/Versions/A/CoreEmoji
0x00007fff5b75e000 	/System/Library/PrivateFrameworks/Lexicon.framework/Versions/A/Lexicon
0x00007fff5b7a1000 	/System/Library/PrivateFrameworks/LinguisticData.framework/Versions/A/LinguisticData
0x00007fff66e18000 	/usr/lib/libcmph.dylib
0x00007fff4950c000 	/System/Library/Frameworks/ServiceManagement.framework/Versions/A/ServiceManagement
0x00007fff4e9a4000 	/System/Library/PrivateFrameworks/BackgroundTaskManagement.framework/Versions/A/BackgroundTaskManagement
0x00007fff691e7000 	/usr/lib/libxslt.1.dylib
0x00007fff3d23b000 	/System/Library/Frameworks/Carbon.framework/Versions/A/Frameworks/Ink.framework/Versions/A/Ink
0x00007fff64725000 	/System/Library/PrivateFrameworks/TextureIO.framework/Versions/A/TextureIO
0x00007fff66c3b000 	/usr/lib/libate.dylib
0x00007fff526da000 	/System/Library/PrivateFrameworks/CrashReporterSupport.framework/Versions/A/CrashReporterSupport
0x00007fff61e64000 	/System/Library/PrivateFrameworks/Sharing.framework/Versions/A/Sharing
0x00007fff4e6f6000 	/System/Library/PrivateFrameworks/AuthKit.framework/Versions/A/AuthKit
0x00007fff4dc4a000 	/System/Library/PrivateFrameworks/Apple80211.framework/Versions/A/Apple80211
0x00007fff52484000 	/System/Library/PrivateFrameworks/CoreUtils.framework/Versions/A/CoreUtils
0x00007fff3f9ef000 	/System/Library/Frameworks/CoreWLAN.framework/Versions/A/CoreWLAN
0x00007fff403eb000 	/System/Library/Frameworks/IOBluetooth.framework/Versions/A/IOBluetooth
0x00007fff602e8000 	/System/Library/PrivateFrameworks/ProtocolBuffer.framework/Versions/A/ProtocolBuffer
0x00007fff5c6fe000 	/System/Library/PrivateFrameworks/MobileKeyBag.framework/Versions/A/MobileKeyBag
0x00007fff51cc8000 	/System/Library/PrivateFrameworks/CorePhoneNumbers.framework/Versions/A/CorePhoneNumbers
0x00007fff4dea9000 	/System/Library/PrivateFrameworks/AppleIDAuthSupport.framework/Versions/A/AppleIDAuthSupport
0x00007fff5b655000 	/System/Library/PrivateFrameworks/KeychainCircle.framework/Versions/A/KeychainCircle
0x00007fff6049e000 	/System/Library/PrivateFrameworks/ROCKit.framework/Versions/A/ROCKit
0x00007fff52676000 	/System/Library/PrivateFrameworks/CoreWiFi.framework/Versions/A/CoreWiFi
0x00007fff3d786000 	/System/Library/Frameworks/CoreBluetooth.framework/Versions/A/CoreBluetooth
0x00007fff528d1000 	/System/Library/PrivateFrameworks/DebugSymbols.framework/Versions/A/DebugSymbols
0x00007fff52244000 	/System/Library/PrivateFrameworks/CoreSymbolication.framework/Versions/A/CoreSymbolication
0x00007fff63f40000 	/System/Library/PrivateFrameworks/Symbolication.framework/Versions/A/Symbolication
0x00007fff637e3000 	/System/Library/PrivateFrameworks/SpeechRecognitionCore.framework/Versions/A/SpeechRecognitionCore
0x000000010e400000 	/Library/Java/JavaVirtualMachines/jdk1.8.0_191.jdk/Contents/Home/jre/lib/server/libjvm.dylib
0x00007fff68fc9000 	/usr/lib/libstdc++.6.dylib
0x000000010db6d000 	/Library/Java/JavaVirtualMachines/jdk1.8.0_191.jdk/Contents/Home/jre/lib/libverify.dylib
0x000000010db7b000 	/Library/Java/JavaVirtualMachines/jdk1.8.0_191.jdk/Contents/Home/jre/lib/libjava.dylib
0x000000010dbb2000 	/Library/Java/JavaVirtualMachines/jdk1.8.0_191.jdk/Contents/Home/jre/lib/libjdwp.dylib
0x000000010f3b4000 	/Library/Java/JavaVirtualMachines/jdk1.8.0_191.jdk/Contents/Home/jre/lib/libnpt.dylib
0x000000010f3b8000 	/Library/Java/JavaVirtualMachines/jdk1.8.0_191.jdk/Contents/Home/jre/lib/libinstrument.dylib
0x000000010f454000 	/Library/Java/JavaVirtualMachines/jdk1.8.0_191.jdk/Contents/Home/jre/lib/libzip.dylib
0x000000012997e000 	/Library/Java/JavaVirtualMachines/jdk1.8.0_191.jdk/Contents/Home/jre/lib/libdt_socket.dylib
0x00000001299da000 	/Library/Java/JavaVirtualMachines/jdk1.8.0_191.jdk/Contents/Home/jre/lib/libnet.dylib

VM Arguments:
jvm_args: -agentlib:jdwp=transport=dt_socket,suspend=y,address=localhost:54224 -ea -javaagent:/Users/jhnguye4/development/Eclipse.app/Contents/Eclipse/configuration/org.eclipse.osgi/218/0/.cp/lib/javaagent-shaded.jar -Dfile.encoding=UTF-8 
java_command: org.eclipse.jdt.internal.junit.runner.RemoteTestRunner -version 3 -port 54223 -testLoaderClass org.eclipse.jdt.internal.junit4.runner.JUnit4TestLoader -loaderpluginname org.eclipse.jdt.junit4.runtime -test edu.ncsu.csc216.pack_scheduler.course.roll.CourseRollTest:invalidEnrollTest2
java_class_path (initial): /Users/jhnguye4/csc216/workspace/csc216-651-L1-29/PackScheduler/bin:/Users/jhnguye4/.p2/pool/plugins/org.junit_4.12.0.v201504281640/junit.jar:/Users/jhnguye4/.p2/pool/plugins/org.hamcrest.core_1.3.0.v20180420-1519.jar:/Users/jhnguye4/csc216/workspace/csc216-651-L1-29/PackScheduler/lib/CSC216Collections.jar:/Users/jhnguye4/development/Eclipse.app/Contents/Eclipse/configuration/org.eclipse.osgi/216/0/.cp:/Users/jhnguye4/development/Eclipse.app/Contents/Eclipse/configuration/org.eclipse.osgi/215/0/.cp:/Users/jhnguye4/development/Eclipse.app/Contents/Eclipse/configuration/org.eclipse.osgi/218/0/.cp/lib/javaagent-shaded.jar
Launcher Type: SUN_STANDARD

Environment Variables:
PATH=/usr/bin:/bin:/usr/sbin:/sbin
SHELL=/bin/bash

Signal Handlers:
SIGSEGV: [libjvm.dylib+0x5b5de9], sa_mask[0]=11111111011111110111111111111111, sa_flags=SA_ONSTACK|SA_RESTART|SA_SIGINFO
SIGBUS: [libjvm.dylib+0x5b5de9], sa_mask[0]=11111111011111110111111111111111, sa_flags=SA_RESTART|SA_SIGINFO
SIGFPE: [libjvm.dylib+0x48b6b0], sa_mask[0]=11111111011111110111111111111111, sa_flags=SA_RESTART|SA_SIGINFO
SIGPIPE: [libjvm.dylib+0x48b6b0], sa_mask[0]=11111111011111110111111111111111, sa_flags=SA_RESTART|SA_SIGINFO
SIGXFSZ: [libjvm.dylib+0x48b6b0], sa_mask[0]=11111111011111110111111111111111, sa_flags=SA_RESTART|SA_SIGINFO
SIGILL: [libjvm.dylib+0x48b6b0], sa_mask[0]=11111111011111110111111111111111, sa_flags=SA_RESTART|SA_SIGINFO
SIGUSR1: SIG_DFL, sa_mask[0]=00000000000000000000000000000000, sa_flags=none
SIGUSR2: [libjvm.dylib+0x48b1ce], sa_mask[0]=00100000000000000000000000000000, sa_flags=SA_RESTART|SA_SIGINFO
SIGHUP: [libjvm.dylib+0x489759], sa_mask[0]=11111111011111110111111111111111, sa_flags=SA_RESTART|SA_SIGINFO
SIGINT: [libjvm.dylib+0x489759], sa_mask[0]=11111111011111110111111111111111, sa_flags=SA_RESTART|SA_SIGINFO
SIGTERM: [libjvm.dylib+0x489759], sa_mask[0]=11111111011111110111111111111111, sa_flags=SA_RESTART|SA_SIGINFO
SIGQUIT: [libjvm.dylib+0x489759], sa_mask[0]=11111111011111110111111111111111, sa_flags=SA_RESTART|SA_SIGINFO


---------------  S Y S T E M  ---------------

OS:Bsduname:Darwin 18.6.0 Darwin Kernel Version 18.6.0: Thu Apr 25 23:16:27 PDT 2019; root:xnu-4903.261.4~2/RELEASE_X86_64 x86_64
rlimit: STACK 8192k, CORE 0k, NPROC 1418, NOFILE 10240, AS infinity
load average:5.23 4.32 3.81

CPU:total 4 (initial active 4) (2 cores per cpu, 2 threads per core) family 6 model 142 stepping 9, cmov, cx8, fxsr, mmx, sse, sse2, sse3, ssse3, sse4.1, sse4.2, popcnt, avx, avx2, aes, clmul, erms, rtm, 3dnowpref, lzcnt, ht, tsc, tscinvbit, bmi1, bmi2, adx

Memory: 4k page, physical 16777216k(1951712k free)

/proc/meminfo:


vm_info: Java HotSpot(TM) 64-Bit Server VM (25.191-b12) for bsd-amd64 JRE (1.8.0_191-b12), built on Oct  6 2018 08:37:07 by "java_re" with gcc 4.2.1 (Based on Apple Inc. build 5658) (LLVM build 2336.11.00)

time: Tue Jul  9 22:49:42 2019
elapsed time: 379 seconds (0d 0h 6m 19s)

